<?xml version="1.0" encoding="UTF-8"?>
<!-- Generated by org.testng.reporters.JUnitReportReporter -->
<testsuite skipped="0" hostname="DESKTOP-99OQSQU" name="RestApiTests.HamcrestDemoTest" tests="1" failures="0" timestamp="2020-02-12T22:08:46 EST" time="0.021" errors="0">
  <testcase name="hamcrestTests" time="0.021" classname="RestApiTests.HamcrestDemoTest"/>
  <system-out/>
</testsuite> <!-- RestApiTests.HamcrestDemoTest -->
